SF:lib/core/errors/failures.dart
DA:6,5
DA:8,0
DA:9,0
DA:14,3
DA:19,0
DA:24,3
LF:6
LH:3
end_of_record
SF:lib/features/character/data/models/character_model.dart
DA:22,0
DA:23,0
DA:33,0
DA:34,0
DA:44,0
DA:45,0
DA:49,1
DA:50,1
DA:51,1
DA:52,1
DA:53,2
DA:54,1
DA:55,3
DA:56,1
DA:57,1
DA:58,2
DA:59,2
DA:60,3
DA:61,3
DA:62,2
DA:63,2
DA:67,1
DA:68,2
DA:72,2
DA:73,1
DA:77,2
DA:80,1
DA:82,2
DA:83,2
DA:84,1
DA:87,2
DA:89,1
DA:90,1
DA:93,1
DA:94,1
DA:95,1
DA:97,0
LF:37
LH:30
end_of_record
SF:lib/features/character/data/models/character_model.g.dart
DA:9,0
DA:11,0
DA:12,0
DA:13,0
DA:14,0
DA:15,0
DA:16,0
DA:17,0
DA:18,0
DA:19,0
DA:20,0
DA:21,0
DA:23,0
DA:26,0
DA:27,0
DA:28,0
DA:29,0
DA:30,0
DA:31,0
DA:32,0
DA:33,0
DA:34,0
DA:35,0
DA:36,0
DA:37,0
DA:40,0
DA:42,0
DA:43,0
DA:44,0
DA:47,0
DA:49,0
DA:51,0
DA:53,0
DA:54,0
DA:55,0
DA:58,0
DA:60,0
LF:37
LH:0
end_of_record
SF:lib/features/character/data/repositories/character_repository_impl.dart
DA:15,1
DA:17,0
DA:20,0
DA:23,1
DA:30,1
DA:31,2
DA:37,3
DA:38,1
DA:39,1
DA:41,4
DA:45,1
DA:48,2
DA:49,1
DA:51,1
DA:52,3
DA:57,1
DA:62,2
DA:63,1
DA:67,3
DA:71,2
DA:74,1
DA:75,3
LF:22
LH:20
end_of_record
SF:lib/features/character/domain/entities/character.dart
DA:8,0
DA:10,0
DA:12,0
DA:14,0
DA:35,6
DA:51,0
DA:53,0
DA:59,2
DA:60,2
DA:61,2
DA:62,2
DA:63,2
DA:64,2
DA:65,2
DA:66,2
DA:67,2
DA:68,2
DA:69,2
DA:70,2
DA:71,2
DA:72,2
DA:73,2
LF:22
LH:16
end_of_record
SF:lib/features/character/data/datasources/local/character_local_data_source.dart
DA:21,0
DA:23,0
DA:25,0
DA:26,0
DA:31,0
DA:32,0
DA:33,0
DA:35,0
DA:36,0
DA:39,0
DA:41,0
DA:42,0
DA:44,0
DA:46,0
DA:51,0
DA:53,0
DA:54,0
DA:57,0
DA:61,0
DA:63,0
DA:64,0
DA:66,0
DA:68,0
DA:71,0
DA:74,0
DA:75,0
DA:76,0
DA:77,0
DA:78,0
DA:79,0
DA:80,0
DA:81,0
DA:82,0
DA:83,0
DA:84,0
DA:85,0
DA:86,0
DA:87,0
DA:88,0
LF:39
LH:0
end_of_record
SF:lib/features/character/data/datasources/remote/character_remote_data_source.dart
DA:19,0
DA:21,0
DA:28,0
DA:29,0
DA:30,0
DA:31,0
DA:35,0
DA:36,0
DA:38,0
DA:39,0
DA:40,0
DA:41,0
DA:43,0
LF:13
LH:0
end_of_record
SF:lib/features/character/domain/usecases/get_characters.dart
DA:11,1
DA:13,1
DA:18,2
LF:3
LH:3
end_of_record
SF:lib/features/character/domain/usecases/get_favorite_characters.dart
DA:11,1
DA:13,1
DA:14,2
LF:3
LH:3
end_of_record
SF:lib/features/character/domain/usecases/toggle_favorite_character.dart
DA:11,1
DA:13,1
DA:14,2
LF:3
LH:3
end_of_record
SF:lib/features/character/presentation/bloc/character_bloc.dart
DA:11,1
DA:12,1
DA:13,2
DA:22,1
DA:26,1
DA:27,1
DA:28,1
DA:29,1
DA:31,2
DA:32,2
DA:33,2
DA:36,1
DA:40,1
DA:41,2
DA:43,1
DA:44,2
DA:50,2
DA:52,1
DA:53,1
DA:56,1
DA:57,2
DA:58,2
DA:60,1
DA:63,1
DA:64,1
DA:65,3
DA:67,1
DA:68,2
DA:72,2
DA:81,1
DA:85,5
DA:88,3
DA:89,3
DA:91,2
DA:93,3
DA:94,2
DA:97,1
DA:98,0
DA:99,0
DA:100,1
DA:101,1
DA:102,0
DA:103,0
DA:109,1
DA:110,2
DA:113,4
DA:115,2
DA:123,0
DA:127,0
DA:129,0
DA:130,0
DA:131,0
DA:134,0
DA:135,0
DA:141,0
DA:145,0
DA:147,0
DA:148,0
DA:149,0
DA:152,0
DA:153,0
DA:155,0
DA:156,0
DA:158,0
DA:161,0
DA:162,0
DA:163,0
DA:167,0
DA:168,0
DA:169,0
DA:172,0
DA:173,0
LF:72
LH:43
end_of_record
SF:lib/features/character/presentation/bloc/character_event.dart
DA:5,2
DA:7,0
DA:8,0
DA:15,1
DA:17,0
DA:18,0
DA:24,0
DA:30,0
DA:32,0
DA:33,0
LF:10
LH:2
end_of_record
SF:lib/features/character/presentation/bloc/character_state.dart
DA:24,7
DA:36,1
DA:47,1
DA:48,0
DA:49,1
DA:50,1
DA:51,1
DA:52,1
DA:53,1
DA:55,1
DA:56,1
DA:57,1
DA:58,1
DA:62,0
DA:63,0
DA:66,1
DA:67,1
DA:68,1
DA:69,1
DA:70,1
DA:71,1
DA:72,1
DA:73,1
DA:74,1
DA:75,1
DA:76,1
LF:26
LH:23
end_of_record
SF:lib/core/database/app_database.dart
DA:13,0
DA:14,0
DA:15,0
DA:18,0
DA:19,0
DA:22,0
DA:23,0
DA:24,0
DA:26,0
DA:29,0
DA:30,0
LF:11
LH:0
end_of_record
SF:lib/core/network/api_client.dart
DA:6,0
DA:7,0
DA:11,0
DA:17,0
DA:18,0
DA:28,0
LF:6
LH:0
end_of_record
SF:lib/features/character/data/models/local/favorite_character_model.dart
DA:24,0
DA:25,0
DA:26,0
DA:27,0
DA:29,0
DA:30,0
DA:31,0
DA:32,0
DA:34,0
DA:35,0
DA:36,0
DA:37,0
DA:38,0
DA:39,0
DA:40,0
DA:41,0
DA:42,0
DA:43,0
DA:44,0
DA:45,0
DA:46,0
DA:53,0
DA:54,0
DA:55,0
DA:56,0
DA:57,0
DA:58,0
DA:59,0
DA:60,0
DA:61,0
DA:62,0
DA:63,0
DA:64,0
DA:65,0
DA:66,0
DA:67,0
DA:71,0
DA:72,0
DA:73,0
DA:74,0
DA:75,0
DA:76,0
DA:77,0
DA:78,0
DA:79,0
DA:80,0
DA:81,0
DA:82,0
DA:83,0
DA:84,0
DA:85,0
DA:89,0
DA:90,0
DA:91,0
DA:93,0
LF:55
LH:0
end_of_record
SF:lib/features/character/data/models/api_response_model.dart
DA:14,0
DA:15,0
DA:27,0
DA:28,0
LF:4
LH:0
end_of_record
SF:lib/features/character/data/models/api_response_model.g.dart
DA:9,0
DA:11,0
DA:12,0
DA:13,0
DA:14,0
DA:15,0
DA:18,0
DA:20,0
DA:22,0
DA:23,0
DA:24,0
DA:25,0
DA:26,0
DA:27,0
DA:30,0
DA:31,0
DA:32,0
DA:33,0
DA:34,0
DA:35,0
LF:20
LH:0
end_of_record
