SF:lib/core/errors/failures.dart
DA:6,1
DA:8,0
DA:9,0
DA:14,1
DA:19,0
DA:24,0
LF:6
LH:2
end_of_record
SF:lib/features/character/domain/entities/character.dart
DA:8,0
DA:10,0
DA:12,0
DA:14,0
DA:35,1
DA:51,0
DA:53,0
DA:59,1
DA:60,1
DA:61,1
DA:62,1
DA:63,1
DA:64,1
DA:65,1
DA:66,1
DA:67,1
DA:68,1
DA:69,1
DA:70,1
DA:71,1
DA:72,1
DA:73,1
LF:22
LH:16
end_of_record
SF:lib/features/character/presentation/bloc/character_bloc.dart
DA:11,1
DA:12,1
DA:13,2
DA:22,1
DA:26,1
DA:27,1
DA:28,1
DA:29,1
DA:31,2
DA:32,2
DA:33,2
DA:36,1
DA:40,1
DA:41,2
DA:43,1
DA:44,2
DA:50,2
DA:52,1
DA:53,1
DA:56,1
DA:57,2
DA:58,2
DA:60,1
DA:63,1
DA:64,1
DA:65,3
DA:67,1
DA:68,2
DA:72,2
DA:81,1
DA:85,5
DA:88,3
DA:89,3
DA:91,2
DA:93,3
DA:94,2
DA:97,1
DA:98,0
DA:99,0
DA:100,1
DA:101,1
DA:102,0
DA:103,0
DA:109,1
DA:110,2
DA:113,4
DA:115,2
DA:123,0
DA:127,0
DA:129,0
DA:130,0
DA:131,0
DA:134,0
DA:135,0
DA:141,0
DA:145,0
DA:147,0
DA:148,0
DA:149,0
DA:152,0
DA:153,0
DA:155,0
DA:156,0
DA:158,0
DA:161,0
DA:162,0
DA:163,0
DA:167,0
DA:168,0
DA:169,0
DA:172,0
DA:173,0
LF:72
LH:43
end_of_record
SF:lib/features/character/presentation/bloc/character_event.dart
DA:5,2
DA:7,0
DA:8,0
DA:15,1
DA:17,0
DA:18,0
DA:24,0
DA:30,0
DA:32,0
DA:33,0
LF:10
LH:2
end_of_record
SF:lib/features/character/presentation/bloc/character_state.dart
DA:24,3
DA:36,1
DA:47,1
DA:48,0
DA:49,1
DA:50,1
DA:51,1
DA:52,1
DA:53,1
DA:55,1
DA:56,1
DA:57,1
DA:58,1
DA:62,0
DA:63,0
DA:66,1
DA:67,1
DA:68,1
DA:69,1
DA:70,1
DA:71,1
DA:72,1
DA:73,1
DA:74,1
DA:75,1
DA:76,1
LF:26
LH:23
end_of_record
SF:lib/features/character/domain/usecases/get_characters.dart
DA:11,0
DA:13,0
DA:18,0
LF:3
LH:0
end_of_record
SF:lib/features/character/domain/usecases/get_favorite_characters.dart
DA:11,0
DA:13,0
DA:14,0
LF:3
LH:0
end_of_record
SF:lib/features/character/domain/usecases/toggle_favorite_character.dart
DA:11,0
DA:13,0
DA:14,0
LF:3
LH:0
end_of_record